<?xml version="1.0" encoding="UTF-8"?>
<!-- Generated by org.testng.reporters.JUnitReportReporter -->
<testsuite hostname="LAPTOP-J611QNH6" failures="0" tests="1" name="Basic.OrganizationTest" time="6.787" errors="0" timestamp="2024-03-23T14:35:37 IST" skipped="0">
  <testcase classname="Basic.OrganizationTest" name="CreateOrganizationTest" time="6.787"/>
</testsuite> <!-- Basic.OrganizationTest -->
